[2025-07-07T03:14:45.369+0000] {taskinstance.py:1103} INFO - Dependencies all met for dep_context=non-requeueable deps ti=<TaskInstance: etl_fact_registration.run_etl_fact_registration manual__2025-07-07T03:14:43.802074+00:00 [queued]>
[2025-07-07T03:14:45.385+0000] {taskinstance.py:1103} INFO - Dependencies all met for dep_context=requeueable deps ti=<TaskInstance: etl_fact_registration.run_etl_fact_registration manual__2025-07-07T03:14:43.802074+00:00 [queued]>
[2025-07-07T03:14:45.385+0000] {taskinstance.py:1308} INFO - Starting attempt 1 of 2
[2025-07-07T03:14:45.406+0000] {taskinstance.py:1327} INFO - Executing <Task(PythonOperator): run_etl_fact_registration> on 2025-07-07 03:14:43.802074+00:00
[2025-07-07T03:14:45.415+0000] {standard_task_runner.py:57} INFO - Started process 368 to run task
[2025-07-07T03:14:45.420+0000] {standard_task_runner.py:84} INFO - Running: ['airflow', 'tasks', 'run', 'etl_fact_registration', 'run_etl_fact_registration', 'manual__2025-07-07T03:14:43.802074+00:00', '--job-id', '142', '--raw', '--subdir', 'DAGS_FOLDER/etl_fact_registration.py', '--cfg-path', '/tmp/tmpuqflb249']
[2025-07-07T03:14:45.423+0000] {standard_task_runner.py:85} INFO - Job 142: Subtask run_etl_fact_registration
[2025-07-07T03:14:45.500+0000] {task_command.py:410} INFO - Running <TaskInstance: etl_fact_registration.run_etl_fact_registration manual__2025-07-07T03:14:43.802074+00:00 [running]> on host 1622b3ff66d0
[2025-07-07T03:14:45.618+0000] {taskinstance.py:1547} INFO - Exporting env vars: AIRFLOW_CTX_DAG_OWNER='airflow' AIRFLOW_CTX_DAG_ID='etl_fact_registration' AIRFLOW_CTX_TASK_ID='run_etl_fact_registration' AIRFLOW_CTX_EXECUTION_DATE='2025-07-07T03:14:43.802074+00:00' AIRFLOW_CTX_TRY_NUMBER='1' AIRFLOW_CTX_DAG_RUN_ID='manual__2025-07-07T03:14:43.802074+00:00'
[2025-07-07T03:14:45.638+0000] {base.py:73} INFO - Using connection ID '***_insurance_bi' for task execution.
[2025-07-07T03:14:45.783+0000] {base.py:73} INFO - Using connection ID '***_insurance_dw' for task execution.
[2025-07-07T03:14:45.807+0000] {base.py:73} INFO - Using connection ID '***_insurance_dw' for task execution.
[2025-07-07T03:14:45.821+0000] {base.py:73} INFO - Using connection ID '***_insurance_dw' for task execution.
[2025-07-07T03:14:45.839+0000] {base.py:73} INFO - Using connection ID '***_insurance_dw' for task execution.
[2025-07-07T03:14:46.235+0000] {base.py:73} INFO - Using connection ID '***_insurance_dw' for task execution.
[2025-07-07T03:14:46.240+0000] {sql.py:375} INFO - Running statement: TRUNCATE TABLE fact_registration, parameters: None
[2025-07-07T03:14:46.273+0000] {base.py:73} INFO - Using connection ID '***_insurance_dw' for task execution.
[2025-07-07T03:14:46.380+0000] {python.py:183} INFO - Done. Returned value was: Loaded 40 registration fact records with batch ID: REG_FACT_20250707_031446
[2025-07-07T03:14:46.404+0000] {taskinstance.py:1350} INFO - Marking task as SUCCESS. dag_id=etl_fact_registration, task_id=run_etl_fact_registration, execution_date=20250707T031443, start_date=20250707T031445, end_date=20250707T031446
[2025-07-07T03:14:46.422+0000] {local_task_job_runner.py:225} INFO - Task exited with return code 0
[2025-07-07T03:14:46.451+0000] {taskinstance.py:2653} INFO - 0 downstream tasks scheduled from follow-on schedule check
