[2025-07-07T09:45:16.004+0000] {taskinstance.py:1103} INFO - Dependencies all met for dep_context=non-requeueable deps ti=<TaskInstance: etl_fact_investment.run_etl_fact_investment manual__2025-07-07T09:45:14.410263+00:00 [queued]>
[2025-07-07T09:45:16.015+0000] {taskinstance.py:1103} INFO - Dependencies all met for dep_context=requeueable deps ti=<TaskInstance: etl_fact_investment.run_etl_fact_investment manual__2025-07-07T09:45:14.410263+00:00 [queued]>
[2025-07-07T09:45:16.016+0000] {taskinstance.py:1308} INFO - Starting attempt 1 of 2
[2025-07-07T09:45:16.027+0000] {taskinstance.py:1327} INFO - Executing <Task(PythonOperator): run_etl_fact_investment> on 2025-07-07 09:45:14.410263+00:00
[2025-07-07T09:45:16.036+0000] {standard_task_runner.py:57} INFO - Started process 765 to run task
[2025-07-07T09:45:16.043+0000] {standard_task_runner.py:84} INFO - Running: ['airflow', 'tasks', 'run', 'etl_fact_investment', 'run_etl_fact_investment', 'manual__2025-07-07T09:45:14.410263+00:00', '--job-id', '289', '--raw', '--subdir', 'DAGS_FOLDER/etl_fact_investment.py', '--cfg-path', '/tmp/tmp7nn5iois']
[2025-07-07T09:45:16.063+0000] {standard_task_runner.py:85} INFO - Job 289: Subtask run_etl_fact_investment
[2025-07-07T09:45:16.154+0000] {task_command.py:410} INFO - Running <TaskInstance: etl_fact_investment.run_etl_fact_investment manual__2025-07-07T09:45:14.410263+00:00 [running]> on host 1622b3ff66d0
[2025-07-07T09:45:16.273+0000] {taskinstance.py:1547} INFO - Exporting env vars: AIRFLOW_CTX_DAG_OWNER='airflow' AIRFLOW_CTX_DAG_ID='etl_fact_investment' AIRFLOW_CTX_TASK_ID='run_etl_fact_investment' AIRFLOW_CTX_EXECUTION_DATE='2025-07-07T09:45:14.410263+00:00' AIRFLOW_CTX_TRY_NUMBER='1' AIRFLOW_CTX_DAG_RUN_ID='manual__2025-07-07T09:45:14.410263+00:00'
[2025-07-07T09:45:16.309+0000] {base.py:73} INFO - Using connection ID '***_insurance_bi' for task execution.
[2025-07-07T09:45:16.980+0000] {logging_mixin.py:150} INFO - [extract] Retrieved 9961 rows from source `investment`
[2025-07-07T09:45:16.981+0000] {logging_mixin.py:150} INFO - [{'investment_id': 'INV-772185', 'policy_id': 'POL-610764', 'investment_type': 'Balanced Fund', 'risk_level': 'Medium', 'investment_date': datetime.date(2024, 12, 25), 'amount': 2511609, 'fund_manager': 'CV Uwais Pertiwi (Persero) Tbk', 'initial_nav': 1326.58, 'units_purchased': 2164.0167}, {'investment_id': 'INV-471071', 'policy_id': 'POL-744982', 'investment_type': 'Balanced Fund', 'risk_level': 'Medium', 'investment_date': datetime.date(2024, 5, 31), 'amount': 2355897, 'fund_manager': 'Perum Mansur', 'initial_nav': 1468.22, 'units_purchased': 1866.2189}, {'investment_id': 'INV-454530', 'policy_id': 'POL-781958', 'investment_type': 'Sharia Fund', 'risk_level': 'Medium', 'investment_date': datetime.date(2025, 4, 3), 'amount': 5828326, 'fund_manager': 'Perum Wibowo Melani Tbk', 'initial_nav': 1419.5, 'units_purchased': 4648.4166}, {'investment_id': 'INV-830604', 'policy_id': 'POL-995940', 'investment_type': 'Money Market Fund', 'risk_level': 'Low', 'investment_date': datetime.date(2025, 7, 3), 'amount': 3250972, 'fund_manager': 'PD Adriansyah Nashiruddin Tbk', 'initial_nav': 1197.77, 'units_purchased': 2859.9372}, {'investment_id': 'INV-396931', 'policy_id': 'POL-063293', 'investment_type': 'Fixed Income Fund', 'risk_level': 'Low-Medium', 'investment_date': datetime.date(2023, 12, 1), 'amount': 4023429, 'fund_manager': 'PD Mahendra', 'initial_nav': 1321.64, 'units_purchased': 3565.7899}]
[2025-07-07T09:45:16.981+0000] {logging_mixin.py:150} INFO - [transform] Starting transform on 9961 rows
[2025-07-07T09:45:16.990+0000] {base.py:73} INFO - Using connection ID '***_insurance_dw' for task execution.
[2025-07-07T09:45:17.242+0000] {logging_mixin.py:150} INFO - df police ----     policy_id  policy_key customer_key
0  POL-720410           1         None
1  POL-254487           2         None
[2025-07-07T09:45:17.251+0000] {logging_mixin.py:150} INFO - df  ----   investment_id   policy_id  ... initial_nav units_purchased
0    INV-772185  POL-610764  ...     1326.58       2164.0167
1    INV-471071  POL-744982  ...     1468.22       1866.2189

[2 rows x 9 columns]
[2025-07-07T09:45:17.252+0000] {logging_mixin.py:150} INFO - [transform] Loaded 200000 rows from dim_policy
[2025-07-07T09:45:17.252+0000] {logging_mixin.py:150} INFO - df---- investment_id       object
policy_id           object
investment_type     object
risk_level          object
investment_date     object
amount               int64
fund_manager        object
initial_nav        float64
units_purchased    float64
dtype: object
[2025-07-07T09:45:17.252+0000] {logging_mixin.py:150} INFO - policy---- policy_id       object
policy_key       int64
customer_key    object
dtype: object
[2025-07-07T09:45:17.258+0000] {logging_mixin.py:150} INFO - df---- investment_id       object
policy_id           object
investment_type     object
risk_level          object
investment_date     object
amount               int64
fund_manager        object
initial_nav        float64
units_purchased    float64
dtype: object
[2025-07-07T09:45:17.259+0000] {logging_mixin.py:150} INFO - policy---- policy_id       object
policy_key       int64
customer_key    object
dtype: object
[2025-07-07T09:45:17.451+0000] {logging_mixin.py:150} INFO - [transform] After merge policy: 9961 rows, 8036 missing policy_key
[2025-07-07T09:45:17.469+0000] {base.py:73} INFO - Using connection ID '***_insurance_dw' for task execution.
[2025-07-07T09:45:17.489+0000] {logging_mixin.py:150} INFO - [transform] Loaded 4018 rows from dim_time
[2025-07-07T09:45:17.500+0000] {logging_mixin.py:150} INFO - [transform] After merge time: 9961 rows, 0 missing time_key
[2025-07-07T09:45:17.506+0000] {logging_mixin.py:150} INFO - [transform] After dropna: kept 0 of 9961 rows
[2025-07-07T09:45:17.506+0000] {logging_mixin.py:150} INFO - [transform] Final DataFrame ready with 0 rows
[2025-07-07T09:45:17.511+0000] {logging_mixin.py:150} INFO - [load] Loading 0 rows into fact_investment
[2025-07-07T09:45:17.511+0000] {logging_mixin.py:150} INFO - [load] No data to load. Exiting.
[2025-07-07T09:45:17.512+0000] {python.py:183} INFO - Done. Returned value was: No data to load
[2025-07-07T09:45:17.555+0000] {taskinstance.py:1350} INFO - Marking task as SUCCESS. dag_id=etl_fact_investment, task_id=run_etl_fact_investment, execution_date=20250707T094514, start_date=20250707T094516, end_date=20250707T094517
[2025-07-07T09:45:17.602+0000] {local_task_job_runner.py:225} INFO - Task exited with return code 0
[2025-07-07T09:45:17.654+0000] {taskinstance.py:2653} INFO - 0 downstream tasks scheduled from follow-on schedule check
