[2025-07-07T02:00:01.347+0000] {taskinstance.py:1103} INFO - Dependencies all met for dep_context=non-requeueable deps ti=<TaskInstance: etl_fact_claim.run_etl_fact_claim scheduled__2025-07-06T02:00:00+00:00 [queued]>
[2025-07-07T02:00:01.376+0000] {taskinstance.py:1103} INFO - Dependencies all met for dep_context=requeueable deps ti=<TaskInstance: etl_fact_claim.run_etl_fact_claim scheduled__2025-07-06T02:00:00+00:00 [queued]>
[2025-07-07T02:00:01.376+0000] {taskinstance.py:1308} INFO - Starting attempt 1 of 2
[2025-07-07T02:00:01.466+0000] {taskinstance.py:1327} INFO - Executing <Task(PythonOperator): run_etl_fact_claim> on 2025-07-06 02:00:00+00:00
[2025-07-07T02:00:01.479+0000] {standard_task_runner.py:57} INFO - Started process 183 to run task
[2025-07-07T02:00:01.483+0000] {standard_task_runner.py:84} INFO - Running: ['airflow', 'tasks', 'run', 'etl_fact_claim', 'run_etl_fact_claim', 'scheduled__2025-07-06T02:00:00+00:00', '--job-id', '67', '--raw', '--subdir', 'DAGS_FOLDER/etl_fact_claim.py', '--cfg-path', '/tmp/tmprhwd62u1']
[2025-07-07T02:00:01.488+0000] {standard_task_runner.py:85} INFO - Job 67: Subtask run_etl_fact_claim
[2025-07-07T02:00:01.865+0000] {task_command.py:410} INFO - Running <TaskInstance: etl_fact_claim.run_etl_fact_claim scheduled__2025-07-06T02:00:00+00:00 [running]> on host 1622b3ff66d0
[2025-07-07T02:00:02.077+0000] {taskinstance.py:1547} INFO - Exporting env vars: AIRFLOW_CTX_DAG_OWNER='airflow' AIRFLOW_CTX_DAG_ID='etl_fact_claim' AIRFLOW_CTX_TASK_ID='run_etl_fact_claim' AIRFLOW_CTX_EXECUTION_DATE='2025-07-06T02:00:00+00:00' AIRFLOW_CTX_TRY_NUMBER='1' AIRFLOW_CTX_DAG_RUN_ID='scheduled__2025-07-06T02:00:00+00:00'
[2025-07-07T02:00:02.143+0000] {base.py:73} INFO - Using connection ID '***_insurance_bi' for task execution.
[2025-07-07T02:00:02.298+0000] {taskinstance.py:1824} ERROR - Task failed with exception
Traceback (most recent call last):
  File "/home/airflow/.local/lib/python3.7/site-packages/airflow/operators/python.py", line 181, in execute
    return_value = self.execute_callable()
  File "/home/airflow/.local/lib/python3.7/site-packages/airflow/operators/python.py", line 198, in execute_callable
    return self.python_callable(*self.op_args, **self.op_kwargs)
  File "/opt/airflow/dags/etl_fact_claim.py", line 150, in etl_fact_claim
    transformed_df = transform_claim_facts(df)
  File "/opt/airflow/dags/etl_fact_claim.py", line 46, in transform_claim_facts
    "SELECT policy_id, policy_key, customer_key FROM dim_policy WHERE is_current = TRUE"
  File "/home/airflow/.local/lib/python3.7/site-packages/airflow/providers/common/sql/hooks/sql.py", line 200, in get_pandas_df
    with closing(self.get_conn()) as conn:
  File "/home/airflow/.local/lib/python3.7/site-packages/airflow/providers/postgres/hooks/postgres.py", line 118, in get_conn
    conn = deepcopy(self.connection or self.get_connection(conn_id))
  File "/home/airflow/.local/lib/python3.7/site-packages/airflow/hooks/base.py", line 72, in get_connection
    conn = Connection.get_connection_from_secrets(conn_id)
  File "/home/airflow/.local/lib/python3.7/site-packages/airflow/models/connection.py", line 463, in get_connection_from_secrets
    raise AirflowNotFoundException(f"The conn_id `{conn_id}` isn't defined")
airflow.exceptions.AirflowNotFoundException: The conn_id `***_insurance_dw` isn't defined
[2025-07-07T02:00:02.309+0000] {taskinstance.py:1350} INFO - Marking task as UP_FOR_RETRY. dag_id=etl_fact_claim, task_id=run_etl_fact_claim, execution_date=20250706T020000, start_date=20250707T020001, end_date=20250707T020002
[2025-07-07T02:00:02.359+0000] {standard_task_runner.py:109} ERROR - Failed to execute job 67 for task run_etl_fact_claim (The conn_id `***_insurance_dw` isn't defined; 183)
[2025-07-07T02:00:02.409+0000] {local_task_job_runner.py:225} INFO - Task exited with return code 1
[2025-07-07T02:00:02.463+0000] {taskinstance.py:2653} INFO - 0 downstream tasks scheduled from follow-on schedule check
