[2025-07-07T02:00:01.314+0000] {taskinstance.py:1103} INFO - Dependencies all met for dep_context=non-requeueable deps ti=<TaskInstance: etl_fact_registration.run_etl_fact_registration scheduled__2025-07-06T02:00:00+00:00 [queued]>
[2025-07-07T02:00:01.339+0000] {taskinstance.py:1103} INFO - Dependencies all met for dep_context=requeueable deps ti=<TaskInstance: etl_fact_registration.run_etl_fact_registration scheduled__2025-07-06T02:00:00+00:00 [queued]>
[2025-07-07T02:00:01.343+0000] {taskinstance.py:1308} INFO - Starting attempt 1 of 2
[2025-07-07T02:00:01.395+0000] {taskinstance.py:1327} INFO - Executing <Task(PythonOperator): run_etl_fact_registration> on 2025-07-06 02:00:00+00:00
[2025-07-07T02:00:01.408+0000] {standard_task_runner.py:57} INFO - Started process 178 to run task
[2025-07-07T02:00:01.417+0000] {standard_task_runner.py:84} INFO - Running: ['airflow', 'tasks', 'run', 'etl_fact_registration', 'run_etl_fact_registration', 'scheduled__2025-07-06T02:00:00+00:00', '--job-id', '65', '--raw', '--subdir', 'DAGS_FOLDER/etl_fact_registration.py', '--cfg-path', '/tmp/tmpnk4719v7']
[2025-07-07T02:00:01.425+0000] {standard_task_runner.py:85} INFO - Job 65: Subtask run_etl_fact_registration
[2025-07-07T02:00:01.771+0000] {task_command.py:410} INFO - Running <TaskInstance: etl_fact_registration.run_etl_fact_registration scheduled__2025-07-06T02:00:00+00:00 [running]> on host 1622b3ff66d0
[2025-07-07T02:00:02.045+0000] {taskinstance.py:1547} INFO - Exporting env vars: AIRFLOW_CTX_DAG_OWNER='airflow' AIRFLOW_CTX_DAG_ID='etl_fact_registration' AIRFLOW_CTX_TASK_ID='run_etl_fact_registration' AIRFLOW_CTX_EXECUTION_DATE='2025-07-06T02:00:00+00:00' AIRFLOW_CTX_TRY_NUMBER='1' AIRFLOW_CTX_DAG_RUN_ID='scheduled__2025-07-06T02:00:00+00:00'
[2025-07-07T02:00:02.096+0000] {base.py:73} INFO - Using connection ID '***_insurance_bi' for task execution.
[2025-07-07T02:00:02.275+0000] {taskinstance.py:1824} ERROR - Task failed with exception
Traceback (most recent call last):
  File "/home/airflow/.local/lib/python3.7/site-packages/airflow/operators/python.py", line 181, in execute
    return_value = self.execute_callable()
  File "/home/airflow/.local/lib/python3.7/site-packages/airflow/operators/python.py", line 198, in execute_callable
    return self.python_callable(*self.op_args, **self.op_kwargs)
  File "/opt/airflow/dags/etl_fact_registration.py", line 151, in etl_fact_registration
    transformed_df = transform_registration_facts(df)
  File "/opt/airflow/dags/etl_fact_registration.py", line 57, in transform_registration_facts
    "SELECT customer_id, customer_key FROM dim_customer WHERE is_current = TRUE"
  File "/home/airflow/.local/lib/python3.7/site-packages/airflow/providers/common/sql/hooks/sql.py", line 200, in get_pandas_df
    with closing(self.get_conn()) as conn:
  File "/home/airflow/.local/lib/python3.7/site-packages/airflow/providers/postgres/hooks/postgres.py", line 118, in get_conn
    conn = deepcopy(self.connection or self.get_connection(conn_id))
  File "/home/airflow/.local/lib/python3.7/site-packages/airflow/hooks/base.py", line 72, in get_connection
    conn = Connection.get_connection_from_secrets(conn_id)
  File "/home/airflow/.local/lib/python3.7/site-packages/airflow/models/connection.py", line 463, in get_connection_from_secrets
    raise AirflowNotFoundException(f"The conn_id `{conn_id}` isn't defined")
airflow.exceptions.AirflowNotFoundException: The conn_id `***_insurance_dw` isn't defined
[2025-07-07T02:00:02.290+0000] {taskinstance.py:1350} INFO - Marking task as UP_FOR_RETRY. dag_id=etl_fact_registration, task_id=run_etl_fact_registration, execution_date=20250706T020000, start_date=20250707T020001, end_date=20250707T020002
[2025-07-07T02:00:02.345+0000] {standard_task_runner.py:109} ERROR - Failed to execute job 65 for task run_etl_fact_registration (The conn_id `***_insurance_dw` isn't defined; 178)
[2025-07-07T02:00:02.382+0000] {local_task_job_runner.py:225} INFO - Task exited with return code 1
[2025-07-07T02:00:02.435+0000] {taskinstance.py:2653} INFO - 0 downstream tasks scheduled from follow-on schedule check
