[2025-07-07T06:15:59.208+0000] {taskinstance.py:1103} INFO - Dependencies all met for dep_context=non-requeueable deps ti=<TaskInstance: etl_fact_customer_service.run_etl_fact_customer_service manual__2025-07-07T06:15:57.744946+00:00 [queued]>
[2025-07-07T06:15:59.221+0000] {taskinstance.py:1103} INFO - Dependencies all met for dep_context=requeueable deps ti=<TaskInstance: etl_fact_customer_service.run_etl_fact_customer_service manual__2025-07-07T06:15:57.744946+00:00 [queued]>
[2025-07-07T06:15:59.223+0000] {taskinstance.py:1308} INFO - Starting attempt 1 of 2
[2025-07-07T06:15:59.241+0000] {taskinstance.py:1327} INFO - Executing <Task(PythonOperator): run_etl_fact_customer_service> on 2025-07-07 06:15:57.744946+00:00
[2025-07-07T06:15:59.257+0000] {standard_task_runner.py:57} INFO - Started process 466 to run task
[2025-07-07T06:15:59.263+0000] {standard_task_runner.py:84} INFO - Running: ['airflow', 'tasks', 'run', 'etl_fact_customer_service', 'run_etl_fact_customer_service', 'manual__2025-07-07T06:15:57.744946+00:00', '--job-id', '176', '--raw', '--subdir', 'DAGS_FOLDER/etl_fact_customer_service.py', '--cfg-path', '/tmp/tmp9x67ejvv']
[2025-07-07T06:15:59.265+0000] {standard_task_runner.py:85} INFO - Job 176: Subtask run_etl_fact_customer_service
[2025-07-07T06:15:59.320+0000] {task_command.py:410} INFO - Running <TaskInstance: etl_fact_customer_service.run_etl_fact_customer_service manual__2025-07-07T06:15:57.744946+00:00 [running]> on host 1622b3ff66d0
[2025-07-07T06:15:59.419+0000] {taskinstance.py:1547} INFO - Exporting env vars: AIRFLOW_CTX_DAG_OWNER='airflow' AIRFLOW_CTX_DAG_ID='etl_fact_customer_service' AIRFLOW_CTX_TASK_ID='run_etl_fact_customer_service' AIRFLOW_CTX_EXECUTION_DATE='2025-07-07T06:15:57.744946+00:00' AIRFLOW_CTX_TRY_NUMBER='1' AIRFLOW_CTX_DAG_RUN_ID='manual__2025-07-07T06:15:57.744946+00:00'
[2025-07-07T06:15:59.437+0000] {base.py:73} INFO - Using connection ID '***_insurance_bi' for task execution.
[2025-07-07T06:15:59.462+0000] {base.py:73} INFO - Using connection ID '***_insurance_dw' for task execution.
[2025-07-07T06:15:59.494+0000] {base.py:73} INFO - Using connection ID '***_insurance_dw' for task execution.
[2025-07-07T06:15:59.511+0000] {base.py:73} INFO - Using connection ID '***_insurance_dw' for task execution.
[2025-07-07T06:15:59.530+0000] {base.py:73} INFO - Using connection ID '***_insurance_dw' for task execution.
[2025-07-07T06:16:00.928+0000] {base.py:73} INFO - Using connection ID '***_insurance_dw' for task execution.
[2025-07-07T06:16:00.941+0000] {sql.py:375} INFO - Running statement: TRUNCATE TABLE fact_customer_service, parameters: None
[2025-07-07T06:16:01.024+0000] {base.py:73} INFO - Using connection ID '***_insurance_dw' for task execution.
[2025-07-07T06:16:01.106+0000] {python.py:183} INFO - Done. Returned value was: Loaded 30 customer service fact records with batch ID: CS_FACT_20250707_061600
[2025-07-07T06:16:01.190+0000] {taskinstance.py:1350} INFO - Marking task as SUCCESS. dag_id=etl_fact_customer_service, task_id=run_etl_fact_customer_service, execution_date=20250707T061557, start_date=20250707T061559, end_date=20250707T061601
[2025-07-07T06:16:01.249+0000] {local_task_job_runner.py:225} INFO - Task exited with return code 0
[2025-07-07T06:16:01.309+0000] {taskinstance.py:2653} INFO - 0 downstream tasks scheduled from follow-on schedule check
