[2025-07-07T01:47:16.648+0000] {taskinstance.py:1103} INFO - Dependencies all met for dep_context=non-requeueable deps ti=<TaskInstance: init_data_warehouse.create_dim_tables manual__2025-07-07T01:02:45.704783+00:00 [queued]>
[2025-07-07T01:47:16.656+0000] {taskinstance.py:1103} INFO - Dependencies all met for dep_context=requeueable deps ti=<TaskInstance: init_data_warehouse.create_dim_tables manual__2025-07-07T01:02:45.704783+00:00 [queued]>
[2025-07-07T01:47:16.657+0000] {taskinstance.py:1308} INFO - Starting attempt 1 of 2
[2025-07-07T01:47:16.664+0000] {taskinstance.py:1327} INFO - Executing <Task(PostgresOperator): create_dim_tables> on 2025-07-07 01:02:45.704783+00:00
[2025-07-07T01:47:16.667+0000] {standard_task_runner.py:57} INFO - Started process 137 to run task
[2025-07-07T01:47:16.669+0000] {standard_task_runner.py:84} INFO - Running: ['airflow', 'tasks', 'run', 'init_data_warehouse', 'create_dim_tables', 'manual__2025-07-07T01:02:45.704783+00:00', '--job-id', '56', '--raw', '--subdir', 'DAGS_FOLDER/init_dw.py', '--cfg-path', '/tmp/tmpqu_6h4nc']
[2025-07-07T01:47:16.670+0000] {standard_task_runner.py:85} INFO - Job 56: Subtask create_dim_tables
[2025-07-07T01:47:16.703+0000] {task_command.py:410} INFO - Running <TaskInstance: init_data_warehouse.create_dim_tables manual__2025-07-07T01:02:45.704783+00:00 [running]> on host 1622b3ff66d0
[2025-07-07T01:47:16.761+0000] {taskinstance.py:1547} INFO - Exporting env vars: AIRFLOW_CTX_DAG_OWNER='airflow' AIRFLOW_CTX_DAG_ID='init_data_warehouse' AIRFLOW_CTX_TASK_ID='create_dim_tables' AIRFLOW_CTX_EXECUTION_DATE='2025-07-07T01:02:45.704783+00:00' AIRFLOW_CTX_TRY_NUMBER='1' AIRFLOW_CTX_DAG_RUN_ID='manual__2025-07-07T01:02:45.704783+00:00'
[2025-07-07T01:47:16.762+0000] {sql.py:265} INFO - Executing: ['-- Dimension table for Time\nCREATE TABLE IF NOT EXISTS dim_time (\n    time_key SERIAL PRIMARY KEY,\n    date_actual DATE NOT NULL,\n    day_of_week INT,\n    day_name VARCHAR(10),\n    day_of_month INT,\n    day_of_year INT,\n    week_of_year INT,\n    month_actual INT,\n    month_name VARCHAR(10),\n    quarter_actual INT,\n    year_actual INT,\n    is_weekend BOOLEAN,\n    is_holiday BOOLEAN,\n    holiday_name VARCHAR(100),\n    fiscal_year INT,\n    created_at TIMESTAMP DEFAULT CURRENT_TIMESTAMP\n);\n\n-- Unique index on actual date\nCREATE UNIQUE INDEX IF NOT EXISTS idx_date_actual ON dim_time(date_actual);', '-- Dimension table for Customer\nCREATE TABLE IF NOT EXISTS dim_customer (\n    customer_key SERIAL PRIMARY KEY,\n    customer_id BIGINT NOT NULL,\n    nama VARCHAR(255),\n    tanggal_lahir DATE,\n    alamat TEXT,\n    referral_code VARCHAR(50),\n    tanggal_daftar DATE,\n    umur INT,  -- Calculated field\n    lama_menjadi_pelanggan INT, -- Calculated field in days\n    valid_from DATE NOT NULL,\n    valid_to DATE,\n    is_current BOOLEAN NOT NULL DEFAULT TRUE,\n    batch_id VARCHAR(50),\n    created_at TIMESTAMP DEFAULT CURRENT_TIMESTAMP,\n    updated_at TIMESTAMP DEFAULT CURRENT_TIMESTAMP\n);\n\n-- Index for lookups\nCREATE INDEX IF NOT EXISTS idx_customer_id ON dim_customer(customer_id);\nCREATE INDEX IF NOT EXISTS idx_customer_current ON dim_customer(is_current);', '-- Dimension table for Product\nCREATE TABLE IF NOT EXISTS dim_product (\n    product_key SERIAL PRIMARY KEY,\n    product_id INTEGER NOT NULL,\n    nama_product VARCHAR(255),\n    jenis_product VARCHAR(100),\n    manfaat TEXT,\n    premi_dasar NUMERIC(12, 2),\n    kategori_premi VARCHAR(20), -- Calculated field (Low, Medium, High)\n    valid_from DATE NOT NULL,\n    valid_to DATE,\n    is_current BOOLEAN NOT NULL DEFAULT TRUE,\n    batch_id VARCHAR(50),\n    created_at TIMESTAMP DEFAULT CURRENT_TIMESTAMP,\n    updated_at TIMESTAMP DEFAULT CURRENT_TIMESTAMP\n);\n\n-- Index for lookups\nCREATE INDEX IF NOT EXISTS idx_product_id ON dim_product(product_id);\nCREATE INDEX IF NOT EXISTS idx_product_current ON dim_product(is_current);', '-- Dimension table for Employee\nCREATE TABLE IF NOT EXISTS dim_employee (\n    employee_key SERIAL PRIMARY KEY,\n    employee_id INTEGER NOT NULL,\n    nama VARCHAR(255),\n    tanggal_lahir DATE,\n    alamat TEXT,\n    jabatan VARCHAR(100),\n    department VARCHAR(50),\n    tanggal_masuk DATE,\n    umur INT, -- Calculated field based on birth date\n    masa_kerja INT, -- Calculated field in days\n    valid_from DATE NOT NULL,\n    valid_to DATE,\n    is_current BOOLEAN NOT NULL DEFAULT TRUE,\n    batch_id VARCHAR(50),\n    created_at TIMESTAMP DEFAULT CURRENT_TIMESTAMP,\n    updated_at TIMESTAMP DEFAULT CURRENT_TIMESTAMP\n);\n\n-- Index for lookups\nCREATE INDEX IF NOT EXISTS idx_employee_id ON dim_employee(employee_id);\nCREATE INDEX IF NOT EXISTS idx_employee_current ON dim_employee(is_current);', '-- Dimension table for Marketing Program\nCREATE TABLE IF NOT EXISTS dim_marketing_program (\n    program_key SERIAL PRIMARY KEY,\n    program_id INTEGER NOT NULL,\n    nama_program VARCHAR(255),\n    start_date DATE,\n    end_date DATE,\n    target NUMERIC(15, 2),\n    description TEXT,\n    jenis_program VARCHAR(50),\n    budget NUMERIC(15, 2),\n    program_status VARCHAR(20), -- Calculated field (Active, Completed, Planned)\n    durasi_program INT, -- Calculated field in days\n    valid_from DATE NOT NULL,\n    valid_to DATE,\n    is_current BOOLEAN NOT NULL DEFAULT TRUE,\n    batch_id VARCHAR(50),\n    created_at TIMESTAMP DEFAULT CURRENT_TIMESTAMP,\n    updated_at TIMESTAMP DEFAULT CURRENT_TIMESTAMP\n);\n\n-- Index for lookups\nCREATE INDEX IF NOT EXISTS idx_program_id ON dim_marketing_program(program_id);\nCREATE INDEX IF NOT EXISTS idx_program_current ON dim_marketing_program(is_current);', '-- Dimension table for Policy\nCREATE TABLE IF NOT EXISTS dim_policy (\n    policy_key SERIAL PRIMARY KEY,\n    policy_id VARCHAR(20) NOT NULL,\n    customer_key INT,\n    product_key INT,\n    tanggal_mulai DATE,\n    tanggal_berakhir DATE,\n    status VARCHAR(20),\n    premium NUMERIC(12, 2),\n    payment_frequency VARCHAR(20),\n    payment_method VARCHAR(30),\n    sum_assured NUMERIC(15, 2),\n    durasi_polis INT, -- Calculated field in years\n    valid_from DATE NOT NULL,\n    valid_to DATE,\n    is_current BOOLEAN NOT NULL DEFAULT TRUE,\n    batch_id VARCHAR(50),\n    created_at TIMESTAMP DEFAULT CURRENT_TIMESTAMP,\n    updated_at TIMESTAMP DEFAULT CURRENT_TIMESTAMP,\n    FOREIGN KEY (customer_key) REFERENCES dim_customer(customer_key),\n    FOREIGN KEY (product_key) REFERENCES dim_product(product_key)\n);\n\n-- Index for lookups\nCREATE INDEX IF NOT EXISTS idx_policy_id ON dim_policy(policy_id);\nCREATE INDEX IF NOT EXISTS idx_policy_current ON dim_policy(is_current);\nCREATE INDEX IF NOT EXISTS idx_policy_customer ON dim_policy(customer_key);\nCREATE INDEX IF NOT EXISTS idx_policy_product ON dim_policy(product_key);']
[2025-07-07T01:47:16.774+0000] {taskinstance.py:1824} ERROR - Task failed with exception
Traceback (most recent call last):
  File "/home/airflow/.local/lib/python3.7/site-packages/airflow/providers/common/sql/operators/sql.py", line 266, in execute
    hook = self.get_db_hook()
  File "/home/airflow/.local/lib/python3.7/site-packages/airflow/providers/common/sql/operators/sql.py", line 181, in get_db_hook
    return self._hook
  File "/home/airflow/.local/lib/python3.7/site-packages/cached_property.py", line 36, in __get__
    value = obj.__dict__[self.func.__name__] = self.func(obj)
  File "/home/airflow/.local/lib/python3.7/site-packages/airflow/providers/common/sql/operators/sql.py", line 143, in _hook
    conn = BaseHook.get_connection(self.conn_id)
  File "/home/airflow/.local/lib/python3.7/site-packages/airflow/hooks/base.py", line 72, in get_connection
    conn = Connection.get_connection_from_secrets(conn_id)
  File "/home/airflow/.local/lib/python3.7/site-packages/airflow/models/connection.py", line 463, in get_connection_from_secrets
    raise AirflowNotFoundException(f"The conn_id `{conn_id}` isn't defined")
airflow.exceptions.AirflowNotFoundException: The conn_id `***_insurance_dw` isn't defined
[2025-07-07T01:47:16.776+0000] {taskinstance.py:1350} INFO - Marking task as UP_FOR_RETRY. dag_id=init_data_warehouse, task_id=create_dim_tables, execution_date=20250707T010245, start_date=20250707T014716, end_date=20250707T014716
[2025-07-07T01:47:16.790+0000] {standard_task_runner.py:109} ERROR - Failed to execute job 56 for task create_dim_tables (The conn_id `***_insurance_dw` isn't defined; 137)
[2025-07-07T01:47:16.810+0000] {local_task_job_runner.py:225} INFO - Task exited with return code 1
[2025-07-07T01:47:16.852+0000] {taskinstance.py:2653} INFO - 0 downstream tasks scheduled from follow-on schedule check
