[2025-07-07T08:00:08.997+0000] {taskinstance.py:1103} INFO - Dependencies all met for dep_context=non-requeueable deps ti=<TaskInstance: etl_fact_customer_service.run_etl_fact_customer_service manual__2025-07-07T08:00:06.287916+00:00 [queued]>
[2025-07-07T08:00:09.010+0000] {taskinstance.py:1103} INFO - Dependencies all met for dep_context=requeueable deps ti=<TaskInstance: etl_fact_customer_service.run_etl_fact_customer_service manual__2025-07-07T08:00:06.287916+00:00 [queued]>
[2025-07-07T08:00:09.010+0000] {taskinstance.py:1308} INFO - Starting attempt 1 of 2
[2025-07-07T08:00:09.031+0000] {taskinstance.py:1327} INFO - Executing <Task(PythonOperator): run_etl_fact_customer_service> on 2025-07-07 08:00:06.287916+00:00
[2025-07-07T08:00:09.040+0000] {standard_task_runner.py:57} INFO - Started process 667 to run task
[2025-07-07T08:00:09.049+0000] {standard_task_runner.py:84} INFO - Running: ['airflow', 'tasks', 'run', 'etl_fact_customer_service', 'run_etl_fact_customer_service', 'manual__2025-07-07T08:00:06.287916+00:00', '--job-id', '251', '--raw', '--subdir', 'DAGS_FOLDER/etl_fact_customer_service.py', '--cfg-path', '/tmp/tmpq06cspc7']
[2025-07-07T08:00:09.054+0000] {standard_task_runner.py:85} INFO - Job 251: Subtask run_etl_fact_customer_service
[2025-07-07T08:00:09.152+0000] {task_command.py:410} INFO - Running <TaskInstance: etl_fact_customer_service.run_etl_fact_customer_service manual__2025-07-07T08:00:06.287916+00:00 [running]> on host 1622b3ff66d0
[2025-07-07T08:00:09.319+0000] {taskinstance.py:1547} INFO - Exporting env vars: AIRFLOW_CTX_DAG_OWNER='airflow' AIRFLOW_CTX_DAG_ID='etl_fact_customer_service' AIRFLOW_CTX_TASK_ID='run_etl_fact_customer_service' AIRFLOW_CTX_EXECUTION_DATE='2025-07-07T08:00:06.287916+00:00' AIRFLOW_CTX_TRY_NUMBER='1' AIRFLOW_CTX_DAG_RUN_ID='manual__2025-07-07T08:00:06.287916+00:00'
[2025-07-07T08:00:09.358+0000] {base.py:73} INFO - Using connection ID '***_insurance_bi' for task execution.
[2025-07-07T08:00:14.927+0000] {base.py:73} INFO - Using connection ID '***_insurance_dw' for task execution.
[2025-07-07T08:00:17.647+0000] {base.py:73} INFO - Using connection ID '***_insurance_dw' for task execution.
[2025-07-07T08:00:17.789+0000] {base.py:73} INFO - Using connection ID '***_insurance_dw' for task execution.
[2025-07-07T08:00:18.928+0000] {base.py:73} INFO - Using connection ID '***_insurance_dw' for task execution.
[2025-07-07T08:00:21.164+0000] {base.py:73} INFO - Using connection ID '***_insurance_dw' for task execution.
[2025-07-07T08:00:21.185+0000] {sql.py:375} INFO - Running statement: TRUNCATE TABLE fact_customer_service, parameters: None
[2025-07-07T08:00:21.418+0000] {base.py:73} INFO - Using connection ID '***_insurance_dw' for task execution.
[2025-07-07T08:01:15.571+0000] {python.py:183} INFO - Done. Returned value was: Loaded 101550 customer service fact records with batch ID: CS_FACT_20250707_080020
[2025-07-07T08:01:15.627+0000] {taskinstance.py:1350} INFO - Marking task as SUCCESS. dag_id=etl_fact_customer_service, task_id=run_etl_fact_customer_service, execution_date=20250707T080006, start_date=20250707T080008, end_date=20250707T080115
[2025-07-07T08:01:15.667+0000] {local_task_job_runner.py:225} INFO - Task exited with return code 0
[2025-07-07T08:01:15.719+0000] {taskinstance.py:2653} INFO - 0 downstream tasks scheduled from follow-on schedule check
