[2025-07-07T09:49:16.172+0000] {taskinstance.py:1103} INFO - Dependencies all met for dep_context=non-requeueable deps ti=<TaskInstance: master_etl.trigger_dim_customer manual__2025-07-07T09:48:08.086116+00:00 [queued]>
[2025-07-07T09:49:16.190+0000] {taskinstance.py:1103} INFO - Dependencies all met for dep_context=requeueable deps ti=<TaskInstance: master_etl.trigger_dim_customer manual__2025-07-07T09:48:08.086116+00:00 [queued]>
[2025-07-07T09:49:16.191+0000] {taskinstance.py:1308} INFO - Starting attempt 1 of 2
[2025-07-07T09:49:16.212+0000] {taskinstance.py:1327} INFO - Executing <Task(TriggerDagRunOperator): trigger_dim_customer> on 2025-07-07 09:48:08.086116+00:00
[2025-07-07T09:49:16.218+0000] {standard_task_runner.py:57} INFO - Started process 783 to run task
[2025-07-07T09:49:16.224+0000] {standard_task_runner.py:84} INFO - Running: ['airflow', 'tasks', 'run', 'master_etl', 'trigger_dim_customer', 'manual__2025-07-07T09:48:08.086116+00:00', '--job-id', '297', '--raw', '--subdir', 'DAGS_FOLDER/master_etl.py', '--cfg-path', '/tmp/tmp1pwro0ha']
[2025-07-07T09:49:16.225+0000] {standard_task_runner.py:85} INFO - Job 297: Subtask trigger_dim_customer
[2025-07-07T09:49:16.338+0000] {task_command.py:410} INFO - Running <TaskInstance: master_etl.trigger_dim_customer manual__2025-07-07T09:48:08.086116+00:00 [running]> on host 1622b3ff66d0
[2025-07-07T09:49:16.623+0000] {taskinstance.py:1547} INFO - Exporting env vars: AIRFLOW_CTX_DAG_OWNER='airflow' AIRFLOW_CTX_DAG_ID='master_etl' AIRFLOW_CTX_TASK_ID='trigger_dim_customer' AIRFLOW_CTX_EXECUTION_DATE='2025-07-07T09:48:08.086116+00:00' AIRFLOW_CTX_TRY_NUMBER='1' AIRFLOW_CTX_DAG_RUN_ID='manual__2025-07-07T09:48:08.086116+00:00'
[2025-07-07T09:49:16.781+0000] {secrets_masker.py:278} WARNING - Unable to redact <TaskInstanceState.SUCCESS: 'success'>, please report this via <https://github.com/apache/airflow/issues>. Error was: TypeError: __call__() missing 1 required positional argument: 'value'
[2025-07-07T09:49:16.781+0000] {trigger_dagrun.py:201} INFO - Waiting for etl_dim_customer on 2025-07-07T09:49:16.627971+00:00 to become allowed state [<TaskInstanceState.SUCCESS: 'success'>] ...
[2025-07-07T09:50:17.046+0000] {secrets_masker.py:278} WARNING - Unable to redact <TaskInstanceState.SUCCESS: 'success'>, please report this via <https://github.com/apache/airflow/issues>. Error was: TypeError: __call__() missing 1 required positional argument: 'value'
[2025-07-07T09:50:17.035+0000] {trigger_dagrun.py:201} INFO - Waiting for etl_dim_customer on 2025-07-07T09:49:16.627971+00:00 to become allowed state [<TaskInstanceState.SUCCESS: 'success'>] ...
[2025-07-07T09:51:17.115+0000] {secrets_masker.py:278} WARNING - Unable to redact <TaskInstanceState.SUCCESS: 'success'>, please report this via <https://github.com/apache/airflow/issues>. Error was: TypeError: __call__() missing 1 required positional argument: 'value'
[2025-07-07T09:51:17.111+0000] {trigger_dagrun.py:201} INFO - Waiting for etl_dim_customer on 2025-07-07T09:49:16.627971+00:00 to become allowed state [<TaskInstanceState.SUCCESS: 'success'>] ...
[2025-07-07T09:52:17.204+0000] {secrets_masker.py:278} WARNING - Unable to redact <TaskInstanceState.SUCCESS: 'success'>, please report this via <https://github.com/apache/airflow/issues>. Error was: TypeError: __call__() missing 1 required positional argument: 'value'
[2025-07-07T09:52:17.203+0000] {trigger_dagrun.py:201} INFO - Waiting for etl_dim_customer on 2025-07-07T09:49:16.627971+00:00 to become allowed state [<TaskInstanceState.SUCCESS: 'success'>] ...
[2025-07-07T09:53:17.284+0000] {secrets_masker.py:278} WARNING - Unable to redact <TaskInstanceState.SUCCESS: 'success'>, please report this via <https://github.com/apache/airflow/issues>. Error was: TypeError: __call__() missing 1 required positional argument: 'value'
[2025-07-07T09:53:17.281+0000] {trigger_dagrun.py:201} INFO - Waiting for etl_dim_customer on 2025-07-07T09:49:16.627971+00:00 to become allowed state [<TaskInstanceState.SUCCESS: 'success'>] ...
[2025-07-07T09:54:17.319+0000] {secrets_masker.py:278} WARNING - Unable to redact <TaskInstanceState.SUCCESS: 'success'>, please report this via <https://github.com/apache/airflow/issues>. Error was: TypeError: __call__() missing 1 required positional argument: 'value'
[2025-07-07T09:54:17.316+0000] {trigger_dagrun.py:201} INFO - Waiting for etl_dim_customer on 2025-07-07T09:49:16.627971+00:00 to become allowed state [<TaskInstanceState.SUCCESS: 'success'>] ...
[2025-07-07T09:55:17.453+0000] {taskinstance.py:1824} ERROR - Task failed with exception
Traceback (most recent call last):
  File "/home/airflow/.local/lib/python3.7/site-packages/airflow/operators/trigger_dagrun.py", line 208, in execute
    raise AirflowException(f"{self.trigger_dag_id} failed with failed states {state}")
airflow.exceptions.AirflowException: etl_dim_customer failed with failed states failed
[2025-07-07T09:55:17.471+0000] {taskinstance.py:1350} INFO - Marking task as UP_FOR_RETRY. dag_id=master_etl, task_id=trigger_dim_customer, execution_date=20250707T094808, start_date=20250707T094916, end_date=20250707T095517
[2025-07-07T09:55:17.501+0000] {standard_task_runner.py:109} ERROR - Failed to execute job 297 for task trigger_dim_customer (etl_dim_customer failed with failed states failed; 783)
[2025-07-07T09:55:17.558+0000] {local_task_job_runner.py:225} INFO - Task exited with return code 1
[2025-07-07T09:55:17.644+0000] {taskinstance.py:2653} INFO - 0 downstream tasks scheduled from follow-on schedule check
