[2025-07-07T10:12:46.035+0000] {taskinstance.py:1103} INFO - Dependencies all met for dep_context=non-requeueable deps ti=<TaskInstance: etl_fact_registration.run_etl_fact_registration manual__2025-07-07T10:07:25.264640+00:00 [queued]>
[2025-07-07T10:12:46.165+0000] {taskinstance.py:1103} INFO - Dependencies all met for dep_context=requeueable deps ti=<TaskInstance: etl_fact_registration.run_etl_fact_registration manual__2025-07-07T10:07:25.264640+00:00 [queued]>
[2025-07-07T10:12:46.168+0000] {taskinstance.py:1308} INFO - Starting attempt 2 of 2
[2025-07-07T10:12:46.240+0000] {taskinstance.py:1327} INFO - Executing <Task(PythonOperator): run_etl_fact_registration> on 2025-07-07 10:07:25.264640+00:00
[2025-07-07T10:12:46.308+0000] {standard_task_runner.py:57} INFO - Started process 861 to run task
[2025-07-07T10:12:46.337+0000] {standard_task_runner.py:84} INFO - Running: ['airflow', 'tasks', 'run', 'etl_fact_registration', 'run_etl_fact_registration', 'manual__2025-07-07T10:07:25.264640+00:00', '--job-id', '326', '--raw', '--subdir', 'DAGS_FOLDER/etl_fact_registration.py', '--cfg-path', '/tmp/tmp18ztixz3']
[2025-07-07T10:12:46.358+0000] {standard_task_runner.py:85} INFO - Job 326: Subtask run_etl_fact_registration
[2025-07-07T10:12:46.585+0000] {task_command.py:410} INFO - Running <TaskInstance: etl_fact_registration.run_etl_fact_registration manual__2025-07-07T10:07:25.264640+00:00 [running]> on host 1622b3ff66d0
[2025-07-07T10:12:46.881+0000] {taskinstance.py:1547} INFO - Exporting env vars: AIRFLOW_CTX_DAG_OWNER='airflow' AIRFLOW_CTX_DAG_ID='etl_fact_registration' AIRFLOW_CTX_TASK_ID='run_etl_fact_registration' AIRFLOW_CTX_EXECUTION_DATE='2025-07-07T10:07:25.264640+00:00' AIRFLOW_CTX_TRY_NUMBER='2' AIRFLOW_CTX_DAG_RUN_ID='manual__2025-07-07T10:07:25.264640+00:00'
[2025-07-07T10:12:46.970+0000] {base.py:73} INFO - Using connection ID '***_insurance_bi' for task execution.
[2025-07-07T10:12:51.058+0000] {base.py:73} INFO - Using connection ID '***_insurance_dw' for task execution.
[2025-07-07T10:12:51.234+0000] {base.py:73} INFO - Using connection ID '***_insurance_dw' for task execution.
[2025-07-07T10:12:51.269+0000] {base.py:73} INFO - Using connection ID '***_insurance_dw' for task execution.
[2025-07-07T10:12:51.622+0000] {base.py:73} INFO - Using connection ID '***_insurance_dw' for task execution.
[2025-07-07T10:12:51.787+0000] {taskinstance.py:1824} ERROR - Task failed with exception
Traceback (most recent call last):
  File "/home/airflow/.local/lib/python3.7/site-packages/airflow/operators/python.py", line 181, in execute
    return_value = self.execute_callable()
  File "/home/airflow/.local/lib/python3.7/site-packages/airflow/operators/python.py", line 198, in execute_callable
    return self.python_callable(*self.op_args, **self.op_kwargs)
  File "/opt/airflow/dags/etl_fact_registration.py", line 151, in etl_fact_registration
    transformed_df = transform_registration_facts(df)
  File "/opt/airflow/dags/etl_fact_registration.py", line 82, in transform_registration_facts
    df = pd.merge(df, customer_keys, on='customer_id', how='left')
  File "/home/airflow/.local/lib/python3.7/site-packages/pandas/core/reshape/merge.py", line 119, in merge
    validate=validate,
  File "/home/airflow/.local/lib/python3.7/site-packages/pandas/core/reshape/merge.py", line 703, in __init__
    self._maybe_coerce_merge_keys()
  File "/home/airflow/.local/lib/python3.7/site-packages/pandas/core/reshape/merge.py", line 1256, in _maybe_coerce_merge_keys
    raise ValueError(msg)
ValueError: You are trying to merge on int64 and object columns. If you wish to proceed you should use pd.concat
[2025-07-07T10:12:51.806+0000] {taskinstance.py:1350} INFO - Marking task as FAILED. dag_id=etl_fact_registration, task_id=run_etl_fact_registration, execution_date=20250707T100725, start_date=20250707T101246, end_date=20250707T101251
[2025-07-07T10:12:51.856+0000] {standard_task_runner.py:109} ERROR - Failed to execute job 326 for task run_etl_fact_registration (You are trying to merge on int64 and object columns. If you wish to proceed you should use pd.concat; 861)
[2025-07-07T10:12:51.935+0000] {local_task_job_runner.py:225} INFO - Task exited with return code 1
[2025-07-07T10:12:51.970+0000] {taskinstance.py:2653} INFO - 0 downstream tasks scheduled from follow-on schedule check
