[2025-07-07T02:05:03.290+0000] {taskinstance.py:1103} INFO - Dependencies all met for dep_context=non-requeueable deps ti=<TaskInstance: etl_fact_sales_activity.run_etl_fact_sales_activity scheduled__2025-07-06T02:00:00+00:00 [queued]>
[2025-07-07T02:05:03.361+0000] {taskinstance.py:1103} INFO - Dependencies all met for dep_context=requeueable deps ti=<TaskInstance: etl_fact_sales_activity.run_etl_fact_sales_activity scheduled__2025-07-06T02:00:00+00:00 [queued]>
[2025-07-07T02:05:03.367+0000] {taskinstance.py:1308} INFO - Starting attempt 2 of 2
[2025-07-07T02:05:03.449+0000] {taskinstance.py:1327} INFO - Executing <Task(PythonOperator): run_etl_fact_sales_activity> on 2025-07-06 02:00:00+00:00
[2025-07-07T02:05:03.462+0000] {standard_task_runner.py:57} INFO - Started process 266 to run task
[2025-07-07T02:05:03.468+0000] {standard_task_runner.py:84} INFO - Running: ['airflow', 'tasks', 'run', 'etl_fact_sales_activity', 'run_etl_fact_sales_activity', 'scheduled__2025-07-06T02:00:00+00:00', '--job-id', '99', '--raw', '--subdir', 'DAGS_FOLDER/etl_fact_sales_activity.py', '--cfg-path', '/tmp/tmpaw9raq3m']
[2025-07-07T02:05:03.475+0000] {standard_task_runner.py:85} INFO - Job 99: Subtask run_etl_fact_sales_activity
[2025-07-07T02:05:03.832+0000] {task_command.py:410} INFO - Running <TaskInstance: etl_fact_sales_activity.run_etl_fact_sales_activity scheduled__2025-07-06T02:00:00+00:00 [running]> on host 1622b3ff66d0
[2025-07-07T02:05:04.194+0000] {taskinstance.py:1547} INFO - Exporting env vars: AIRFLOW_CTX_DAG_OWNER='airflow' AIRFLOW_CTX_DAG_ID='etl_fact_sales_activity' AIRFLOW_CTX_TASK_ID='run_etl_fact_sales_activity' AIRFLOW_CTX_EXECUTION_DATE='2025-07-06T02:00:00+00:00' AIRFLOW_CTX_TRY_NUMBER='2' AIRFLOW_CTX_DAG_RUN_ID='scheduled__2025-07-06T02:00:00+00:00'
[2025-07-07T02:05:04.258+0000] {base.py:73} INFO - Using connection ID '***_insurance_bi' for task execution.
[2025-07-07T02:05:04.367+0000] {base.py:73} INFO - Using connection ID '***_insurance_dw' for task execution.
[2025-07-07T02:05:04.581+0000] {base.py:73} INFO - Using connection ID '***_insurance_dw' for task execution.
[2025-07-07T02:05:04.688+0000] {base.py:73} INFO - Using connection ID '***_insurance_dw' for task execution.
[2025-07-07T02:05:04.813+0000] {base.py:73} INFO - Using connection ID '***_insurance_dw' for task execution.
[2025-07-07T02:05:04.939+0000] {base.py:73} INFO - Using connection ID '***_insurance_dw' for task execution.
[2025-07-07T02:05:05.471+0000] {base.py:73} INFO - Using connection ID '***_insurance_dw' for task execution.
[2025-07-07T02:05:05.495+0000] {sql.py:375} INFO - Running statement: TRUNCATE TABLE fact_sales_activity, parameters: None
[2025-07-07T02:05:05.637+0000] {base.py:73} INFO - Using connection ID '***_insurance_dw' for task execution.
[2025-07-07T02:05:05.722+0000] {python.py:183} INFO - Done. Returned value was: Loaded 35 sales activity fact records with batch ID: SALES_FACT_20250707_020505
[2025-07-07T02:05:05.758+0000] {taskinstance.py:1350} INFO - Marking task as SUCCESS. dag_id=etl_fact_sales_activity, task_id=run_etl_fact_sales_activity, execution_date=20250706T020000, start_date=20250707T020503, end_date=20250707T020505
[2025-07-07T02:05:05.791+0000] {local_task_job_runner.py:225} INFO - Task exited with return code 0
[2025-07-07T02:05:05.968+0000] {taskinstance.py:2653} INFO - 0 downstream tasks scheduled from follow-on schedule check
