[2025-07-07T02:00:02.238+0000] {taskinstance.py:1103} INFO - Dependencies all met for dep_context=non-requeueable deps ti=<TaskInstance: export_dashboard_data.export_registration_data scheduled__2025-07-06T02:00:00+00:00 [queued]>
[2025-07-07T02:00:02.262+0000] {taskinstance.py:1103} INFO - Dependencies all met for dep_context=requeueable deps ti=<TaskInstance: export_dashboard_data.export_registration_data scheduled__2025-07-06T02:00:00+00:00 [queued]>
[2025-07-07T02:00:02.264+0000] {taskinstance.py:1308} INFO - Starting attempt 1 of 2
[2025-07-07T02:00:02.291+0000] {taskinstance.py:1327} INFO - Executing <Task(PythonOperator): export_registration_data> on 2025-07-06 02:00:00+00:00
[2025-07-07T02:00:02.296+0000] {standard_task_runner.py:57} INFO - Started process 189 to run task
[2025-07-07T02:00:02.300+0000] {standard_task_runner.py:84} INFO - Running: ['airflow', 'tasks', 'run', 'export_dashboard_data', 'export_registration_data', 'scheduled__2025-07-06T02:00:00+00:00', '--job-id', '72', '--raw', '--subdir', 'DAGS_FOLDER/export_dashboard_data.py', '--cfg-path', '/tmp/tmpwkczd7z1']
[2025-07-07T02:00:02.305+0000] {standard_task_runner.py:85} INFO - Job 72: Subtask export_registration_data
[2025-07-07T02:00:02.449+0000] {task_command.py:410} INFO - Running <TaskInstance: export_dashboard_data.export_registration_data scheduled__2025-07-06T02:00:00+00:00 [running]> on host 1622b3ff66d0
[2025-07-07T02:00:02.583+0000] {taskinstance.py:1547} INFO - Exporting env vars: AIRFLOW_CTX_DAG_OWNER='airflow' AIRFLOW_CTX_DAG_ID='export_dashboard_data' AIRFLOW_CTX_TASK_ID='export_registration_data' AIRFLOW_CTX_EXECUTION_DATE='2025-07-06T02:00:00+00:00' AIRFLOW_CTX_TRY_NUMBER='1' AIRFLOW_CTX_DAG_RUN_ID='scheduled__2025-07-06T02:00:00+00:00'
[2025-07-07T02:00:02.602+0000] {taskinstance.py:1824} ERROR - Task failed with exception
Traceback (most recent call last):
  File "/home/airflow/.local/lib/python3.7/site-packages/airflow/operators/python.py", line 181, in execute
    return_value = self.execute_callable()
  File "/home/airflow/.local/lib/python3.7/site-packages/airflow/operators/python.py", line 198, in execute_callable
    return self.python_callable(*self.op_args, **self.op_kwargs)
  File "/opt/airflow/dags/export_dashboard_data.py", line 58, in export_registration_dashboard_data
    df = dw_hook.get_pandas_df(sql)
  File "/home/airflow/.local/lib/python3.7/site-packages/airflow/providers/common/sql/hooks/sql.py", line 200, in get_pandas_df
    with closing(self.get_conn()) as conn:
  File "/home/airflow/.local/lib/python3.7/site-packages/airflow/providers/postgres/hooks/postgres.py", line 118, in get_conn
    conn = deepcopy(self.connection or self.get_connection(conn_id))
  File "/home/airflow/.local/lib/python3.7/site-packages/airflow/hooks/base.py", line 72, in get_connection
    conn = Connection.get_connection_from_secrets(conn_id)
  File "/home/airflow/.local/lib/python3.7/site-packages/airflow/models/connection.py", line 463, in get_connection_from_secrets
    raise AirflowNotFoundException(f"The conn_id `{conn_id}` isn't defined")
airflow.exceptions.AirflowNotFoundException: The conn_id `***_insurance_dw` isn't defined
[2025-07-07T02:00:02.607+0000] {taskinstance.py:1350} INFO - Marking task as UP_FOR_RETRY. dag_id=export_dashboard_data, task_id=export_registration_data, execution_date=20250706T020000, start_date=20250707T020002, end_date=20250707T020002
[2025-07-07T02:00:02.620+0000] {standard_task_runner.py:109} ERROR - Failed to execute job 72 for task export_registration_data (The conn_id `***_insurance_dw` isn't defined; 189)
[2025-07-07T02:00:02.648+0000] {local_task_job_runner.py:225} INFO - Task exited with return code 1
[2025-07-07T02:00:02.676+0000] {taskinstance.py:2653} INFO - 0 downstream tasks scheduled from follow-on schedule check
