[2025-07-07T02:31:43.544+0000] {taskinstance.py:1103} INFO - Dependencies all met for dep_context=non-requeueable deps ti=<TaskInstance: etl_dim_policy.run_etl_dim_policy manual__2025-07-07T02:26:41.642615+00:00 [queued]>
[2025-07-07T02:31:43.550+0000] {taskinstance.py:1103} INFO - Dependencies all met for dep_context=requeueable deps ti=<TaskInstance: etl_dim_policy.run_etl_dim_policy manual__2025-07-07T02:26:41.642615+00:00 [queued]>
[2025-07-07T02:31:43.550+0000] {taskinstance.py:1308} INFO - Starting attempt 2 of 2
[2025-07-07T02:31:43.558+0000] {taskinstance.py:1327} INFO - Executing <Task(PythonOperator): run_etl_dim_policy> on 2025-07-07 02:26:41.642615+00:00
[2025-07-07T02:31:43.562+0000] {standard_task_runner.py:57} INFO - Started process 291 to run task
[2025-07-07T02:31:43.564+0000] {standard_task_runner.py:84} INFO - Running: ['airflow', 'tasks', 'run', 'etl_dim_policy', 'run_etl_dim_policy', 'manual__2025-07-07T02:26:41.642615+00:00', '--job-id', '111', '--raw', '--subdir', 'DAGS_FOLDER/etl_dim_policy.py', '--cfg-path', '/tmp/tmpiz3y0dfh']
[2025-07-07T02:31:43.565+0000] {standard_task_runner.py:85} INFO - Job 111: Subtask run_etl_dim_policy
[2025-07-07T02:31:43.614+0000] {task_command.py:410} INFO - Running <TaskInstance: etl_dim_policy.run_etl_dim_policy manual__2025-07-07T02:26:41.642615+00:00 [running]> on host 1622b3ff66d0
[2025-07-07T02:31:43.694+0000] {taskinstance.py:1547} INFO - Exporting env vars: AIRFLOW_CTX_DAG_OWNER='airflow' AIRFLOW_CTX_DAG_ID='etl_dim_policy' AIRFLOW_CTX_TASK_ID='run_etl_dim_policy' AIRFLOW_CTX_EXECUTION_DATE='2025-07-07T02:26:41.642615+00:00' AIRFLOW_CTX_TRY_NUMBER='2' AIRFLOW_CTX_DAG_RUN_ID='manual__2025-07-07T02:26:41.642615+00:00'
[2025-07-07T02:31:43.695+0000] {logging_mixin.py:150} INFO - Starting ETL process...
[2025-07-07T02:31:43.709+0000] {base.py:73} INFO - Using connection ID '***_insurance_bi' for task execution.
[2025-07-07T02:31:43.727+0000] {logging_mixin.py:150} INFO - Extracted 40 records
[2025-07-07T02:31:43.731+0000] {logging_mixin.py:150} INFO - Transformed 40 records
[2025-07-07T02:31:43.740+0000] {base.py:73} INFO - Using connection ID '***_insurance_dw' for task execution.
[2025-07-07T02:31:43.755+0000] {logging_mixin.py:150} INFO - ETL failed: column "customer_id" of relation "dim_policy" does not exist
LINE 3:                     policy_id, customer_id, product_id, tang...
                                       ^
[2025-07-07T02:31:43.756+0000] {taskinstance.py:1824} ERROR - Task failed with exception
Traceback (most recent call last):
  File "/home/airflow/.local/lib/python3.7/site-packages/airflow/operators/python.py", line 181, in execute
    return_value = self.execute_callable()
  File "/home/airflow/.local/lib/python3.7/site-packages/airflow/operators/python.py", line 198, in execute_callable
    return self.python_callable(*self.op_args, **self.op_kwargs)
  File "/opt/airflow/dags/etl_dim_policy.py", line 133, in etl_dim_policy
    result = load_dim_policy(transformed_df)
  File "/opt/airflow/dags/etl_dim_policy.py", line 116, in load_dim_policy
    row['durasi_polis'], row['status_polis'], row['valid_from'], row['valid_to'], row['is_current'], row['batch_id']
psycopg2.errors.UndefinedColumn: column "customer_id" of relation "dim_policy" does not exist
LINE 3:                     policy_id, customer_id, product_id, tang...
                                       ^

[2025-07-07T02:31:43.768+0000] {taskinstance.py:1350} INFO - Marking task as FAILED. dag_id=etl_dim_policy, task_id=run_etl_dim_policy, execution_date=20250707T022641, start_date=20250707T023143, end_date=20250707T023143
[2025-07-07T02:31:43.782+0000] {standard_task_runner.py:109} ERROR - Failed to execute job 111 for task run_etl_dim_policy (column "customer_id" of relation "dim_policy" does not exist
LINE 3:                     policy_id, customer_id, product_id, tang...
                                       ^
; 291)
[2025-07-07T02:31:43.829+0000] {local_task_job_runner.py:225} INFO - Task exited with return code 1
[2025-07-07T02:31:43.849+0000] {taskinstance.py:2653} INFO - 0 downstream tasks scheduled from follow-on schedule check
