[2025-07-07T02:03:38.735+0000] {taskinstance.py:1103} INFO - Dependencies all met for dep_context=non-requeueable deps ti=<TaskInstance: master_etl.trigger_dim_policy manual__2025-07-07T02:02:32.064836+00:00 [queued]>
[2025-07-07T02:03:38.759+0000] {taskinstance.py:1103} INFO - Dependencies all met for dep_context=requeueable deps ti=<TaskInstance: master_etl.trigger_dim_policy manual__2025-07-07T02:02:32.064836+00:00 [queued]>
[2025-07-07T02:03:38.759+0000] {taskinstance.py:1308} INFO - Starting attempt 1 of 2
[2025-07-07T02:03:38.799+0000] {taskinstance.py:1327} INFO - Executing <Task(TriggerDagRunOperator): trigger_dim_policy> on 2025-07-07 02:02:32.064836+00:00
[2025-07-07T02:03:38.804+0000] {standard_task_runner.py:57} INFO - Started process 220 to run task
[2025-07-07T02:03:38.807+0000] {standard_task_runner.py:84} INFO - Running: ['airflow', 'tasks', 'run', 'master_etl', 'trigger_dim_policy', 'manual__2025-07-07T02:02:32.064836+00:00', '--job-id', '84', '--raw', '--subdir', 'DAGS_FOLDER/master_etl.py', '--cfg-path', '/tmp/tmpmjeh774_']
[2025-07-07T02:03:38.808+0000] {standard_task_runner.py:85} INFO - Job 84: Subtask trigger_dim_policy
[2025-07-07T02:03:38.976+0000] {task_command.py:410} INFO - Running <TaskInstance: master_etl.trigger_dim_policy manual__2025-07-07T02:02:32.064836+00:00 [running]> on host 1622b3ff66d0
[2025-07-07T02:03:39.138+0000] {taskinstance.py:1547} INFO - Exporting env vars: AIRFLOW_CTX_DAG_OWNER='airflow' AIRFLOW_CTX_DAG_ID='master_etl' AIRFLOW_CTX_TASK_ID='trigger_dim_policy' AIRFLOW_CTX_EXECUTION_DATE='2025-07-07T02:02:32.064836+00:00' AIRFLOW_CTX_TRY_NUMBER='1' AIRFLOW_CTX_DAG_RUN_ID='manual__2025-07-07T02:02:32.064836+00:00'
[2025-07-07T02:03:39.270+0000] {secrets_masker.py:278} WARNING - Unable to redact <TaskInstanceState.SUCCESS: 'success'>, please report this via <https://github.com/apache/airflow/issues>. Error was: TypeError: __call__() missing 1 required positional argument: 'value'
[2025-07-07T02:03:39.269+0000] {trigger_dagrun.py:201} INFO - Waiting for etl_dim_policy on 2025-07-07T02:03:39.140484+00:00 to become allowed state [<TaskInstanceState.SUCCESS: 'success'>] ...
[2025-07-07T02:04:39.310+0000] {secrets_masker.py:278} WARNING - Unable to redact <TaskInstanceState.SUCCESS: 'success'>, please report this via <https://github.com/apache/airflow/issues>. Error was: TypeError: __call__() missing 1 required positional argument: 'value'
[2025-07-07T02:04:39.307+0000] {trigger_dagrun.py:201} INFO - Waiting for etl_dim_policy on 2025-07-07T02:03:39.140484+00:00 to become allowed state [<TaskInstanceState.SUCCESS: 'success'>] ...
[2025-07-07T02:05:39.339+0000] {secrets_masker.py:278} WARNING - Unable to redact <TaskInstanceState.SUCCESS: 'success'>, please report this via <https://github.com/apache/airflow/issues>. Error was: TypeError: __call__() missing 1 required positional argument: 'value'
[2025-07-07T02:05:39.338+0000] {trigger_dagrun.py:201} INFO - Waiting for etl_dim_policy on 2025-07-07T02:03:39.140484+00:00 to become allowed state [<TaskInstanceState.SUCCESS: 'success'>] ...
[2025-07-07T02:06:39.379+0000] {secrets_masker.py:278} WARNING - Unable to redact <TaskInstanceState.SUCCESS: 'success'>, please report this via <https://github.com/apache/airflow/issues>. Error was: TypeError: __call__() missing 1 required positional argument: 'value'
[2025-07-07T02:06:39.378+0000] {trigger_dagrun.py:201} INFO - Waiting for etl_dim_policy on 2025-07-07T02:03:39.140484+00:00 to become allowed state [<TaskInstanceState.SUCCESS: 'success'>] ...
[2025-07-07T02:07:39.404+0000] {secrets_masker.py:278} WARNING - Unable to redact <TaskInstanceState.SUCCESS: 'success'>, please report this via <https://github.com/apache/airflow/issues>. Error was: TypeError: __call__() missing 1 required positional argument: 'value'
[2025-07-07T02:07:39.403+0000] {trigger_dagrun.py:201} INFO - Waiting for etl_dim_policy on 2025-07-07T02:03:39.140484+00:00 to become allowed state [<TaskInstanceState.SUCCESS: 'success'>] ...
[2025-07-07T02:08:39.444+0000] {secrets_masker.py:278} WARNING - Unable to redact <TaskInstanceState.SUCCESS: 'success'>, please report this via <https://github.com/apache/airflow/issues>. Error was: TypeError: __call__() missing 1 required positional argument: 'value'
[2025-07-07T02:08:39.441+0000] {trigger_dagrun.py:201} INFO - Waiting for etl_dim_policy on 2025-07-07T02:03:39.140484+00:00 to become allowed state [<TaskInstanceState.SUCCESS: 'success'>] ...
[2025-07-07T02:09:39.550+0000] {taskinstance.py:1824} ERROR - Task failed with exception
Traceback (most recent call last):
  File "/home/airflow/.local/lib/python3.7/site-packages/airflow/operators/trigger_dagrun.py", line 208, in execute
    raise AirflowException(f"{self.trigger_dag_id} failed with failed states {state}")
airflow.exceptions.AirflowException: etl_dim_policy failed with failed states failed
[2025-07-07T02:09:39.557+0000] {taskinstance.py:1350} INFO - Marking task as UP_FOR_RETRY. dag_id=master_etl, task_id=trigger_dim_policy, execution_date=20250707T020232, start_date=20250707T020338, end_date=20250707T020939
[2025-07-07T02:09:39.575+0000] {standard_task_runner.py:109} ERROR - Failed to execute job 84 for task trigger_dim_policy (etl_dim_policy failed with failed states failed; 220)
[2025-07-07T02:09:39.604+0000] {local_task_job_runner.py:225} INFO - Task exited with return code 1
[2025-07-07T02:09:39.643+0000] {taskinstance.py:2653} INFO - 0 downstream tasks scheduled from follow-on schedule check
